<?xml version="1.0" encoding="UTF-8"?>
<!-- Generated by org.testng.reporters.JUnitReportReporter -->
<testsuite skipped="0" hostname="CR120020" name="site.json.tests.JsonTest" tests="1" failures="0" timestamp="12 Apr 2019 23:53:14 GMT" time="0.801" errors="0">
  <testcase name="test" time="0.801" classname="site.json.tests.JsonTest"/>
</testsuite> <!-- site.json.tests.JsonTest -->
